[2018-01-07 16:37:02] 启动 T:\YESInteractivePlayer\YESInteractivePlayer\bin\x86\Debug\YESInteractivePlayer.exe
[2018-01-07 16:37:48] 启动 T:\YESInteractivePlayer\YESInteractivePlayer\bin\x86\Debug\YESInteractivePlayer.exe
[2018-01-07 16:39:02] 启动 T:\YESInteractivePlayer\YESInteractivePlayer\bin\x86\Debug\YESInteractivePlayer.exe
[2018-01-07 16:39:44] 启动 T:\YESInteractivePlayer\YESInteractivePlayer\bin\x86\Debug\YESInteractivePlayer.exe
[2018-01-07 16:40:31] 启动 T:\YESInteractivePlayer\YESInteractivePlayer\bin\x86\Debug\YESInteractivePlayer.exe
[2018-01-07 16:41:05] 启动 T:\YESInteractivePlayer\YESInteractivePlayer\bin\x86\Debug\YESInteractivePlayer.exe
[2018-01-07 16:41:22] 启动 T:\YESInteractivePlayer\YESInteractivePlayer\bin\x86\Debug\YESInteractivePlayer.exe
[2018-01-07 16:49:55] 启动 T:\YESInteractivePlayer\YESInteractivePlayer\bin\x86\Debug\YESInteractivePlayer.exe
[2018-01-07 16:50:13] 启动 T:\YESInteractivePlayer\YESInteractivePlayer\bin\x86\Debug\YESInteractivePlayer.exe
[2018-01-07 16:50:58] 启动 T:\YESInteractivePlayer\YESInteractivePlayer\bin\x86\Debug\YESInteractivePlayer.exe
[2018-01-07 16:51:49] 启动 T:\YESInteractivePlayer\YESInteractivePlayer\bin\x86\Debug\YESInteractivePlayer.exe
[2018-01-07 16:56:22] 启动 T:\YESInteractivePlayer\YESInteractivePlayer\bin\x86\Debug\YESInteractivePlayer.exe
[2018-01-07 16:57:30] 启动 T:\YESInteractivePlayer\YESInteractivePlayer\bin\x86\Debug\YESInteractivePlayer.exe
[2018-01-07 16:57:35] 启动 T:\YESInteractivePlayer\YESInteractivePlayer\bin\x86\Debug\YESInteractivePlayer.exe
[2018-01-07 16:58:06] 启动 T:\YESInteractivePlayer\YESInteractivePlayer\bin\x86\Debug\YESInteractivePlayer.exe
[2018-01-07 17:19:06] 启动 T:\YESInteractivePlayer\YESInteractivePlayer\bin\x86\Debug\YESInteractivePlayer.exe
[2018-01-07 17:21:42] 启动 T:\YESInteractivePlayer\YESInteractivePlayer\bin\x86\Debug\YESInteractivePlayer.exe
[2018-01-07 17:21:53] 启动 T:\YESInteractivePlayer\YESInteractivePlayer\bin\x86\Debug\YESInteractivePlayer.exe
[2018-01-07 17:23:14] 启动 T:\YESInteractivePlayer\YESInteractivePlayer\bin\x86\Debug\YESInteractivePlayer.exe
[2018-01-07 17:23:24] 启动 T:\YESInteractivePlayer\YESInteractivePlayer\bin\x86\Debug\YESInteractivePlayer.exe
[2018-01-07 17:24:30] 启动 T:\YESInteractivePlayer\YESInteractivePlayer\bin\x86\Debug\YESInteractivePlayer.exe
[2018-01-07 17:29:22] 启动 T:\YESInteractivePlayer\YESInteractivePlayer\bin\x86\Debug\YESInteractivePlayer.exe
[2018-01-07 19:04:11] 启动 T:\YESInteractivePlayer\YESInteractivePlayer\bin\x86\Debug\YESInteractivePlayer.exe
[2018-01-07 19:09:48] 启动 T:\YESInteractivePlayer\YESInteractivePlayer\bin\x86\Debug\YESInteractivePlayer.exe
[2018-01-07 19:25:51] 启动 T:\YESInteractivePlayer\YESInteractivePlayer\bin\x86\Debug\YESInteractivePlayer.exe
[2018-01-07 19:26:26] 启动 T:\YESInteractivePlayer\YESInteractivePlayer\bin\x86\Debug\YESInteractivePlayer.exe
[2018-01-07 19:34:11] 启动 T:\YESInteractivePlayer\YESInteractivePlayer\bin\x86\Debug\YESInteractivePlayer.exe
[2018-01-07 19:35:05] 启动 T:\YESInteractivePlayer\YESInteractivePlayer\bin\x86\Debug\YESInteractivePlayer.exe
[2018-01-07 19:35:05] option 更改显示语言异常:未将对象引用设置到对象的实例。
[2018-01-07 19:35:05] del 更改显示语言异常:未将对象引用设置到对象的实例。
[2018-01-07 19:35:05] add 更改显示语言异常:未将对象引用设置到对象的实例。
[2018-01-07 19:35:05] Play to all 更改显示语言异常:未将对象引用设置到对象的实例。
[2018-01-07 19:35:05] Play 更改显示语言异常:未将对象引用设置到对象的实例。
[2018-01-07 19:35:05] 3D球珠立方跟随旋转.swf 更改显示语言异常:未将对象引用设置到对象的实例。
[2018-01-07 19:35:05]  更改显示语言异常:未将对象引用设置到对象的实例。
[2018-01-07 19:35:05] ToolStrip1 更改显示语言异常:未将对象引用设置到对象的实例。
[2018-01-07 19:35:50] 启动 T:\YESInteractivePlayer\YESInteractivePlayer\bin\x86\Debug\YESInteractivePlayer.exe
[2018-01-07 19:36:54] 启动 T:\YESInteractivePlayer\YESInteractivePlayer\bin\x86\Debug\YESInteractivePlayer.exe
[2018-01-07 19:39:13] 启动 T:\YESInteractivePlayer\YESInteractivePlayer\bin\x86\Debug\YESInteractivePlayer.exe
[2018-01-07 19:55:21] 启动 T:\YESInteractivePlayer\YESInteractivePlayer\bin\x86\Debug\YESInteractivePlayer.exe
[2018-01-07 19:56:20] 启动 T:\YESInteractivePlayer\YESInteractivePlayer\bin\x86\Debug\YESInteractivePlayer.exe
[2018-01-07 19:56:20] ToolStrip1 更改显示语言异常:未将对象引用设置到对象的实例。
[2018-01-07 19:57:44] 启动 T:\YESInteractivePlayer\YESInteractivePlayer\bin\x86\Debug\YESInteractivePlayer.exe
[2018-01-07 19:57:45] ToolStrip1 更改显示语言异常:未将对象引用设置到对象的实例。
[2018-01-07 20:00:48] 启动 T:\YESInteractivePlayer\YESInteractivePlayer\bin\x86\Debug\YESInteractivePlayer.exe
[2018-01-07 20:00:48] ToolStrip1 更改显示语言异常:未将对象引用设置到对象的实例。
[2018-01-07 20:01:19] 启动 T:\YESInteractivePlayer\YESInteractivePlayer\bin\x86\Debug\YESInteractivePlayer.exe
[2018-01-07 20:02:54] 启动 T:\YESInteractivePlayer\YESInteractivePlayer\bin\x86\Debug\YESInteractivePlayer.exe
[2018-01-07 20:03:25] 启动 T:\YESInteractivePlayer\YESInteractivePlayer\bin\x86\Debug\YESInteractivePlayer.exe
[2018-01-07 20:03:47] 启动 T:\YESInteractivePlayer\YESInteractivePlayer\bin\x86\Debug\YESInteractivePlayer.exe
[2018-01-07 20:03:57] 启动 T:\YESInteractivePlayer\YESInteractivePlayer\bin\x86\Debug\YESInteractivePlayer.exe
[2018-01-07 20:10:28] 启动 T:\YESInteractivePlayer\YESInteractivePlayer\bin\x86\Debug\YESInteractivePlayer.exe
[2018-01-07 20:12:23] 启动 T:\YESInteractivePlayer\YESInteractivePlayer\bin\x86\Debug\YESInteractivePlayer.exe
[2018-01-07 20:24:57] 启动 T:\YESInteractivePlayer\YESInteractivePlayer\bin\x86\Debug\YESInteractivePlayer.exe
[2018-01-07 20:25:27] 启动 T:\YESInteractivePlayer\YESInteractivePlayer\bin\x86\Debug\YESInteractivePlayer.exe
[2018-01-07 20:25:51] 启动 T:\YESInteractivePlayer\YESInteractivePlayer\bin\x86\Debug\YESInteractivePlayer.exe
[2018-01-07 20:26:41] 启动 T:\YESInteractivePlayer\YESInteractivePlayer\bin\x86\Debug\YESInteractivePlayer.exe
[2018-01-07 20:27:11] 启动 T:\YESInteractivePlayer\YESInteractivePlayer\bin\x86\Debug\YESInteractivePlayer.exe
[2018-01-07 20:27:33] 启动 T:\YESInteractivePlayer\YESInteractivePlayer\bin\x86\Debug\YESInteractivePlayer.exe
[2018-01-07 20:27:39] 启动 T:\YESInteractivePlayer\YESInteractivePlayer\bin\x86\Debug\YESInteractivePlayer.exe
[2018-01-07 20:28:44] 启动 T:\YESInteractivePlayer\YESInteractivePlayer\bin\x86\Debug\YESInteractivePlayer.exe
[2018-01-07 20:48:39] 启动 T:\YESInteractivePlayer\YESInteractivePlayer\bin\x86\Debug\YESInteractivePlayer.exe
[2018-01-07 20:48:53] 启动 T:\YESInteractivePlayer\YESInteractivePlayer\bin\x86\Debug\YESInteractivePlayer.exe
[2018-01-07 20:50:18] 启动 T:\YESInteractivePlayer\YESInteractivePlayer\bin\x86\Debug\YESInteractivePlayer.exe
[2018-01-07 20:53:18] 启动 T:\YESInteractivePlayer\YESInteractivePlayer\bin\x86\Debug\YESInteractivePlayer.exe
[2018-01-07 20:57:28] 启动 T:\YESInteractivePlayer\YESInteractivePlayer\bin\x86\Debug\YESInteractivePlayer.exe
[2018-01-07 20:59:40] 启动 T:\YESInteractivePlayer\YESInteractivePlayer\bin\x86\Debug\YESInteractivePlayer.exe
[2018-01-07 21:06:08] 启动 T:\YESInteractivePlayer\YESInteractivePlayer\bin\x86\Debug\YESInteractivePlayer.exe
[2018-01-07 21:06:13] ERROR:未找到控制系统
